<?xml version="1.0" encoding="UTF-8"?>
<!-- Generated by org.testng.reporters.JUnitXMLReporter -->
<testsuite hostname="DESKTOP-HFSM3VR" ignored="0" name="Add Customer" tests="3" failures="0" timestamp="2019-03-02T22:26:55 IST" time="13.846" errors="0">
  <testcase name="addCust" time="7.037" classname="com.w2a.Testcase.Addcustomer"/>
  <testcase name="addCust" time="0.004" classname="com.w2a.Testcase.Addcustomer">
    <skipped/>
  </testcase> <!-- addCust -->
  <testcase name="addCust" time="6.496" classname="com.w2a.Testcase.Addcustomer"/>
</testsuite> <!-- Add Customer -->
