<?xml version="1.0" encoding="UTF-8"?>
<!-- Generated by org.testng.reporters.JUnitXMLReporter -->
<testsuite hostname="DESKTOP-HFSM3VR" ignored="0" name="Login" tests="1" failures="1" timestamp="26 Feb 2019 06:23:40 GMT" time="3.171" errors="0">
  <testcase name="login" time="3.147" classname="com.w2a.Testcase.LoginTest">
    <failure type="java.lang.AssertionError" message="dd">
      <![CDATA[java.lang.AssertionError: dd
at com.w2a.Testcase.LoginTest.login(LoginTest.java:23)
... Removed 26 stack frames]]>
    </failure>
  </testcase> <!-- login -->
</testsuite> <!-- Login -->
