<?xml version="1.0" encoding="UTF-8"?>
<!-- Generated by org.testng.reporters.JUnitXMLReporter -->
<testsuite hostname="DESKTOP-HFSM3VR" ignored="0" name="Test" tests="1" failures="1" timestamp="25 Feb 2019 13:11:47 GMT" time="13.241" errors="0">
  <testcase name="login" time="13.215" classname="com.w2a.Testcase.LoginTest">
    <failure type="java.lang.AssertionError" message="Login not success expected [true] but found [false]">
      <![CDATA[java.lang.AssertionError: Login not success expected [true] but found [false]
at com.w2a.Testcase.LoginTest.login(LoginTest.java:17)
... Removed 28 stack frames]]>
    </failure>
  </testcase> <!-- login -->
</testsuite> <!-- Test -->
