<?xml version="1.0" encoding="UTF-8"?>
<testsuite name="TestSuite" time="17.386" tests="5" errors="0" skipped="1" failures="0">
  <properties>
[...]
</properties>
  <testcase name="login" classname="com.w2a.Testcase.LoginTest" time="7.426"/>
  <testcase name="addCust" classname="com.w2a.Testcase.Addcustomer" time="7.04"/>
  <testcase name="addCust" classname="com.w2a.Testcase.Addcustomer" time="0">
    <skipped/>
  </testcase>
  <testcase name="addCust" classname="com.w2a.Testcase.Addcustomer" time="6.494"/>
  <testcase name="openaccount" classname="com.w2a.Testcase.OpenAccount" time="2.92"/>
</testsuite>