<?xml version="1.0" encoding="UTF-8"?>
<testng-results skipped="1" failed="0" ignored="0" total="5" passed="4">
  <reporter-output>
    <line>
      <![CDATA[<br>Verification failure : expected [abc] but found [xyz]<br>]]>
    </line>
    <line>
      <![CDATA[<a target="_blank" href=Sat_Mar_02_22_26_34_IST_2019.jpg><img src=Sat_Mar_02_22_26_34_IST_2019.jpg height=200 width=200></img></a>]]>
    </line>
    <line>
      <![CDATA[<br>]]>
    </line>
    <line>
      <![CDATA[<br>]]>
    </line>
    <line>
      <![CDATA[login done]]>
    </line>
  </reporter-output>
  <suite name="Data Driven framework" duration-ms="24898" started-at="2019-03-02T22:26:33 IST" finished-at="2019-03-02T22:26:58 IST">
    <groups>
    </groups>
    <test name="Login" duration-ms="7997" started-at="2019-03-02T22:26:33 IST" finished-at="2019-03-02T22:26:41 IST">
      <class name="com.w2a.Testcase.LoginTest">
        <test-method status="PASS" signature="login()[pri:0, instance:com.w2a.Testcase.LoginTest@37883b97]" name="login" duration-ms="7422" started-at="2019-03-02T22:26:33 IST" finished-at="2019-03-02T22:26:40 IST">
          <reporter-output>
            <line>
              <![CDATA[<br>Verification failure : expected [abc] but found [xyz]<br>]]>
            </line>
            <line>
              <![CDATA[<a target="_blank" href=Sat_Mar_02_22_26_34_IST_2019.jpg><img src=Sat_Mar_02_22_26_34_IST_2019.jpg height=200 width=200></img></a>]]>
            </line>
            <line>
              <![CDATA[<br>]]>
            </line>
            <line>
              <![CDATA[<br>]]>
            </line>
            <line>
              <![CDATA[login done]]>
            </line>
          </reporter-output>
        </test-method> <!-- login -->
      </class> <!-- com.w2a.Testcase.LoginTest -->
    </test> <!-- Login -->
    <test name="Add Customer" duration-ms="13846" started-at="2019-03-02T22:26:41 IST" finished-at="2019-03-02T22:26:54 IST">
      <class name="com.w2a.Testcase.Addcustomer">
        <test-method status="PASS" signature="addCust(java.util.Hashtable)[pri:0, instance:com.w2a.Testcase.Addcustomer@6a03bcb1]" name="addCust" duration-ms="7037" started-at="2019-03-02T22:26:41 IST" data-provider="dp" finished-at="2019-03-02T22:26:48 IST">
          <params>
            <param index="0">
              <value>
                <![CDATA[{postcode=43432.0, lastname=pqr, runmode=Y, firstname=abc}]]>
              </value>
            </param>
          </params>
          <reporter-output>
          </reporter-output>
        </test-method> <!-- addCust -->
        <test-method status="SKIP" signature="addCust(java.util.Hashtable)[pri:0, instance:com.w2a.Testcase.Addcustomer@6a03bcb1]" name="addCust" duration-ms="4" started-at="2019-03-02T22:26:48 IST" data-provider="dp" finished-at="2019-03-02T22:26:48 IST">
          <params>
            <param index="0">
              <value>
                <![CDATA[{postcode=1234.0, lastname=ocd, runmode=N, firstname=cde}]]>
              </value>
            </param>
          </params>
          <exception class="org.testng.SkipException">
            <message>
              <![CDATA[Skipping the test case as the Run mode for data set is NO]]>
            </message>
            <full-stacktrace>
              <![CDATA[org.testng.SkipException: Skipping the test case as the Run mode for data set is NO
at com.w2a.Testcase.Addcustomer.addCust(Addcustomer.java:25)
at sun.reflect.NativeMethodAccessorImpl.invoke0(Native Method)
at sun.reflect.NativeMethodAccessorImpl.invoke(NativeMethodAccessorImpl.java:62)
at sun.reflect.DelegatingMethodAccessorImpl.invoke(DelegatingMethodAccessorImpl.java:43)
at java.lang.reflect.Method.invoke(Method.java:498)
at org.testng.internal.MethodInvocationHelper.invokeMethod(MethodInvocationHelper.java:131)
at org.testng.internal.TestInvoker.invokeMethod(TestInvoker.java:570)
at org.testng.internal.TestInvoker.invokeTestMethod(TestInvoker.java:170)
at org.testng.internal.MethodRunner.runInSequence(MethodRunner.java:46)
at org.testng.internal.TestInvoker$MethodInvocationAgent.invoke(TestInvoker.java:790)
at org.testng.internal.TestInvoker.invokeTestMethods(TestInvoker.java:143)
at org.testng.internal.TestMethodWorker.invokeTestMethods(TestMethodWorker.java:146)
at org.testng.internal.TestMethodWorker.run(TestMethodWorker.java:128)
at org.testng.TestRunner.privateRun(TestRunner.java:763)
at org.testng.TestRunner.run(TestRunner.java:594)
at org.testng.SuiteRunner.runTest(SuiteRunner.java:398)
at org.testng.SuiteRunner.runSequentially(SuiteRunner.java:392)
at org.testng.SuiteRunner.privateRun(SuiteRunner.java:355)
at org.testng.SuiteRunner.run(SuiteRunner.java:304)
at org.testng.SuiteRunnerWorker.runSuite(SuiteRunnerWorker.java:53)
at org.testng.SuiteRunnerWorker.run(SuiteRunnerWorker.java:96)
at org.testng.TestNG.runSuitesSequentially(TestNG.java:1146)
at org.testng.TestNG.runSuitesLocally(TestNG.java:1067)
at org.testng.TestNG.runSuites(TestNG.java:997)
at org.testng.TestNG.run(TestNG.java:965)
at org.apache.maven.surefire.testng.TestNGExecutor.run(TestNGExecutor.java:295)
at org.apache.maven.surefire.testng.TestNGXmlTestSuite.execute(TestNGXmlTestSuite.java:84)
at org.apache.maven.surefire.testng.TestNGProvider.invoke(TestNGProvider.java:90)
at org.apache.maven.surefire.booter.ForkedBooter.invokeProviderInSameClassLoader(ForkedBooter.java:203)
at org.apache.maven.surefire.booter.ForkedBooter.runSuitesInProcess(ForkedBooter.java:155)
at org.apache.maven.surefire.booter.ForkedBooter.main(ForkedBooter.java:103)
]]>
            </full-stacktrace>
          </exception> <!-- org.testng.SkipException -->
          <reporter-output>
          </reporter-output>
        </test-method> <!-- addCust -->
        <test-method status="PASS" signature="addCust(java.util.Hashtable)[pri:0, instance:com.w2a.Testcase.Addcustomer@6a03bcb1]" name="addCust" duration-ms="6496" started-at="2019-03-02T22:26:48 IST" data-provider="dp" finished-at="2019-03-02T22:26:54 IST">
          <params>
            <param index="0">
              <value>
                <![CDATA[{postcode=7000.0, lastname=abcd, runmode=Y, firstname=gaurav}]]>
              </value>
            </param>
          </params>
          <reporter-output>
          </reporter-output>
        </test-method> <!-- addCust -->
      </class> <!-- com.w2a.Testcase.Addcustomer -->
    </test> <!-- Add Customer -->
    <test name="Add Account" duration-ms="2999" started-at="2019-03-02T22:26:55 IST" finished-at="2019-03-02T22:26:58 IST">
      <class name="com.w2a.Testcase.OpenAccount">
        <test-method status="PASS" signature="setUp()[pri:0, instance:com.w2a.Testcase.OpenAccount@76ed1b7c]" name="setUp" is-config="true" duration-ms="35897" started-at="2019-03-02T22:25:57 IST" finished-at="2019-03-02T22:26:33 IST">
          <reporter-output>
          </reporter-output>
        </test-method> <!-- setUp -->
        <test-method status="PASS" signature="openaccount(java.util.Hashtable)[pri:0, instance:com.w2a.Testcase.OpenAccount@76ed1b7c]" name="openaccount" duration-ms="2919" started-at="2019-03-02T22:26:55 IST" data-provider="dp" finished-at="2019-03-02T22:26:57 IST">
          <params>
            <param index="0">
              <value>
                <![CDATA[{currency=Rupee, customer=abc pqr}]]>
              </value>
            </param>
          </params>
          <reporter-output>
          </reporter-output>
        </test-method> <!-- openaccount -->
        <test-method status="PASS" signature="TearDown()[pri:0, instance:com.w2a.Testcase.OpenAccount@76ed1b7c]" name="TearDown" is-config="true" duration-ms="704" started-at="2019-03-02T22:26:58 IST" finished-at="2019-03-02T22:26:58 IST">
          <reporter-output>
          </reporter-output>
        </test-method> <!-- TearDown -->
      </class> <!-- com.w2a.Testcase.OpenAccount -->
    </test> <!-- Add Account -->
  </suite> <!-- Data Driven framework -->
</testng-results>
